# JRE version: Java(TM) SE Runtime Environment (8.0_221-b11) (build 1.8.0_221-b11)
# Java VM: Java HotSpot(TM) 64-Bit Server VM (25.221-b11 mixed mode bsd-amd64 compressed oops)
Heap:
 PSYoungGen      total 198656K, used 36987K [0x000000076ab00000, 0x0000000777800000, 0x00000007c0000000)
  eden space 189440K, 19% used [0x000000076ab00000,0x000000076cf1efb8,0x0000000776400000)
  from space 9216K, 0% used [0x0000000776d80000,0x0000000776d80000,0x0000000777680000)
  to   space 9728K, 0% used [0x0000000776400000,0x0000000776400000,0x0000000776d80000)
 ParOldGen       total 142848K, used 11877K [0x00000006c0000000, 0x00000006c8b80000, 0x000000076ab00000)
  object space 142848K, 8% used [0x00000006c0000000,0x00000006c0b995f0,0x00000006c8b80000)
 Metaspace       used 34617K, capacity 36690K, committed 36696K, reserved 1081344K
  class space    used 4851K, capacity 5242K, committed 5248K, reserved 1048576K
GC Heap History (10 events):
Event: 3.780 GC heap before
{Heap before GC invocations=6 (full 1):
 PSYoungGen      total 76288K, used 65536K [0x000000076ab00000, 0x0000000774000000, 0x00000007c0000000)
  eden space 65536K, 100% used [0x000000076ab00000,0x000000076eb00000,0x000000076eb00000)
  from space 10752K, 0% used [0x000000076f580000,0x000000076f580000,0x0000000770000000)
  to   space 10752K, 0% used [0x000000076eb00000,0x000000076eb00000,0x000000076f580000)
 ParOldGen       total 91648K, used 5557K [0x00000006c0000000, 0x00000006c5980000, 0x000000076ab00000)
  object space 91648K, 6% used [0x00000006c0000000,0x00000006c056d690,0x00000006c5980000)
 Metaspace       used 23467K, capacity 24674K, committed 24960K, reserved 1071104K
  class space    used 3383K, capacity 3622K, committed 3712K, reserved 1048576K
Event: 3.782 GC heap after
Heap after GC invocations=6 (full 1):
 PSYoungGen      total 76288K, used 4066K [0x000000076ab00000, 0x0000000772580000, 0x00000007c0000000)
  eden space 65536K, 0% used [0x000000076ab00000,0x000000076ab00000,0x000000076eb00000)
  from space 10752K, 37% used [0x000000076eb00000,0x000000076eef8a38,0x000000076f580000)
  to   space 7680K, 0% used [0x0000000771e00000,0x0000000771e00000,0x0000000772580000)
 ParOldGen       total 91648K, used 5565K [0x00000006c0000000, 0x00000006c5980000, 0x000000076ab00000)
  object space 91648K, 6% used [0x00000006c0000000,0x00000006c056f690,0x00000006c5980000)
 Metaspace       used 23467K, capacity 24674K, committed 24960K, reserved 1071104K
  class space    used 3383K, capacity 3622K, committed 3712K, reserved 1048576K
}
Event: 3.955 GC heap before
{Heap before GC invocations=7 (full 1):
 PSYoungGen      total 76288K, used 69602K [0x000000076ab00000, 0x0000000772580000, 0x00000007c0000000)
  eden space 65536K, 100% used [0x000000076ab00000,0x000000076eb00000,0x000000076eb00000)
  from space 10752K, 37% used [0x000000076eb00000,0x000000076eef8a38,0x000000076f580000)
  to   space 7680K, 0% used [0x0000000771e00000,0x0000000771e00000,0x0000000772580000)
 ParOldGen       total 91648K, used 5565K [0x00000006c0000000, 0x00000006c5980000, 0x000000076ab00000)
  object space 91648K, 6% used [0x00000006c0000000,0x00000006c056f690,0x00000006c5980000)
 Metaspace       used 27289K, capacity 28646K, committed 28672K, reserved 1073152K
  class space    used 3819K, capacity 4094K, committed 4096K, reserved 1048576K
Event: 3.961 GC heap after
Heap after GC invocations=7 (full 1):
 PSYoungGen      total 117760K, used 5574K [0x000000076ab00000, 0x0000000772900000, 0x00000007c0000000)
  eden space 110080K, 0% used [0x000000076ab00000,0x000000076ab00000,0x0000000771680000)
  from space 7680K, 72% used [0x0000000771e00000,0x0000000772371a90,0x0000000772580000)
  to   space 7680K, 0% used [0x0000000771680000,0x0000000771680000,0x0000000771e00000)
 ParOldGen       total 91648K, used 5573K [0x00000006c0000000, 0x00000006c5980000, 0x000000076ab00000)
  object space 91648K, 6% used [0x00000006c0000000,0x00000006c0571690,0x00000006c5980000)
 Metaspace       used 27289K, capacity 28646K, committed 28672K, reserved 1073152K
  class space    used 3819K, capacity 4094K, committed 4096K, reserved 1048576K
}
Event: 4.466 GC heap before
{Heap before GC invocations=8 (full 1):
 PSYoungGen      total 117760K, used 115654K [0x000000076ab00000, 0x0000000772900000, 0x00000007c0000000)
  eden space 110080K, 100% used [0x000000076ab00000,0x0000000771680000,0x0000000771680000)
  from space 7680K, 72% used [0x0000000771e00000,0x0000000772371a90,0x0000000772580000)
  to   space 7680K, 0% used [0x0000000771680000,0x0000000771680000,0x0000000771e00000)
 ParOldGen       total 91648K, used 5573K [0x00000006c0000000, 0x00000006c5980000, 0x000000076ab00000)
  object space 91648K, 6% used [0x00000006c0000000,0x00000006c0571690,0x00000006c5980000)
 Metaspace       used 31991K, capacity 33634K, committed 33792K, reserved 1079296K
  class space    used 4473K, capacity 4824K, committed 4864K, reserved 1048576K
Event: 4.473 GC heap after
Heap after GC invocations=8 (full 1):
 PSYoungGen      total 117760K, used 7652K [0x000000076ab00000, 0x0000000777680000, 0x00000007c0000000)
  eden space 110080K, 0% used [0x000000076ab00000,0x000000076ab00000,0x0000000771680000)
  from space 7680K, 99% used [0x0000000771680000,0x0000000771df9158,0x0000000771e00000)
  to   space 9216K, 0% used [0x0000000776d80000,0x0000000776d80000,0x0000000777680000)
 ParOldGen       total 91648K, used 7097K [0x00000006c0000000, 0x00000006c5980000, 0x000000076ab00000)
  object space 91648K, 7% used [0x00000006c0000000,0x00000006c06ee468,0x00000006c5980000)
 Metaspace       used 31991K, capacity 33634K, committed 33792K, reserved 1079296K
  class space    used 4473K, capacity 4824K, committed 4864K, reserved 1048576K
}
Event: 4.790 GC heap before
{Heap before GC invocations=9 (full 1):
 PSYoungGen      total 117760K, used 62394K [0x000000076ab00000, 0x0000000777680000, 0x00000007c0000000)
  eden space 110080K, 49% used [0x000000076ab00000,0x000000076e075890,0x0000000771680000)
  from space 7680K, 99% used [0x0000000771680000,0x0000000771df9158,0x0000000771e00000)
  to   space 9216K, 0% used [0x0000000776d80000,0x0000000776d80000,0x0000000777680000)
 ParOldGen       total 91648K, used 7097K [0x00000006c0000000, 0x00000006c5980000, 0x000000076ab00000)
  object space 91648K, 7% used [0x00000006c0000000,0x00000006c06ee468,0x00000006c5980000)
 Metaspace       used 33456K, capacity 35276K, committed 35416K, reserved 1079296K
  class space    used 4656K, capacity 4981K, committed 4992K, reserved 1048576K
Event: 4.796 GC heap after
Heap after GC invocations=9 (full 1):
 PSYoungGen      total 198656K, used 7727K [0x000000076ab00000, 0x0000000777800000, 0x00000007c0000000)
  eden space 189440K, 0% used [0x000000076ab00000,0x000000076ab00000,0x0000000776400000)
  from space 9216K, 83% used [0x0000000776d80000,0x000000077750bcb8,0x0000000777680000)
  to   space 9728K, 0% used [0x0000000776400000,0x0000000776400000,0x0000000776d80000)
 ParOldGen       total 91648K, used 7105K [0x00000006c0000000, 0x00000006c5980000, 0x000000076ab00000)
  object space 91648K, 7% used [0x00000006c0000000,0x00000006c06f0468,0x00000006c5980000)
 Metaspace       used 33456K, capacity 35276K, committed 35416K, reserved 1079296K
  class space    used 4656K, capacity 4981K, committed 4992K, reserved 1048576K
}
Event: 4.796 GC heap before
{Heap before GC invocations=10 (full 2):
 PSYoungGen      total 198656K, used 7727K [0x000000076ab00000, 0x0000000777800000, 0x00000007c0000000)
  eden space 189440K, 0% used [0x000000076ab00000,0x000000076ab00000,0x0000000776400000)
  from space 9216K, 83% used [0x0000000776d80000,0x000000077750bcb8,0x0000000777680000)
  to   space 9728K, 0% used [0x0000000776400000,0x0000000776400000,0x0000000776d80000)
 ParOldGen       total 91648K, used 7105K [0x00000006c0000000, 0x00000006c5980000, 0x000000076ab00000)
  object space 91648K, 7% used [0x00000006c0000000,0x00000006c06f0468,0x00000006c5980000)
 Metaspace       used 33456K, capacity 35276K, committed 35416K, reserved 1079296K
  class space    used 4656K, capacity 4981K, committed 4992K, reserved 1048576K
Event: 4.831 GC heap after
Heap after GC invocations=10 (full 2):
 PSYoungGen      total 198656K, used 0K [0x000000076ab00000, 0x0000000777800000, 0x00000007c0000000)
  eden space 189440K, 0% used [0x000000076ab00000,0x000000076ab00000,0x0000000776400000)
  from space 9216K, 0% used [0x0000000776d80000,0x0000000776d80000,0x0000000777680000)
  to   space 9728K, 0% used [0x0000000776400000,0x0000000776400000,0x0000000776d80000)
 ParOldGen       total 142848K, used 11877K [0x00000006c0000000, 0x00000006c8b80000, 0x000000076ab00000)
  object space 142848K, 8% used [0x00000006c0000000,0x00000006c0b995f0,0x00000006c8b80000)
 Metaspace       used 33456K, capacity 35276K, committed 35416K, reserved 1079296K
  class space    used 4656K, capacity 4981K, committed 4992K, reserved 1048576K
}

